-------------------------------------------------------------------------------
Test set: RegisterCourierTests
-------------------------------------------------------------------------------
Tests run: 5, Failures: 1, Errors: 0, Skipped: 0, Time elapsed: 1.148 s <<< FAILURE! - in RegisterCourierTests
registerCourierWithOutRequiredFieldNameTest(RegisterCourierTests)  Time elapsed: 0.123 s  <<< FAILURE!
java.lang.AssertionError: 
1 expectation failed.
Expected status code <400> but was <201>.

	at RegisterCourierTests.registerCourierWithOutRequiredFieldNameTest(RegisterCourierTests.java:77)

